This is pdfTeX, Version 3.14159265-2.6-1.40.19 (TeX Live 2018/W32TeX) (preloaded format=pdflatex 2019.3.25)  27 MAY 2019 17:44
entering extended mode
 restricted \write18 enabled.
 %&-line parsing enabled.
**datasci_prj4.tex
(./datasci_prj4.tex
LaTeX2e <2018-04-01> patch level 2
Babel <3.18> and hyphenation patterns for 84 language(s) loaded.
(c:/texlive/2018/texmf-dist/tex/latex/IEEEtran/IEEEtran.cls
Document Class: IEEEtran 2015/08/26 V1.8b by Michael Shell
-- See the "IEEEtran_HOWTO" manual for usage information.
-- http://www.michaelshell.org/tex/ieeetran/
\@IEEEtrantmpdimenA=\dimen102
\@IEEEtrantmpdimenB=\dimen103
\@IEEEtrantmpdimenC=\dimen104
\@IEEEtrantmpcountA=\count80
\@IEEEtrantmpcountB=\count81
\@IEEEtrantmpcountC=\count82
\@IEEEtrantmptoksA=\toks14
LaTeX Font Info:    Try loading font information for OT1+ptm on input line 503.

(c:/texlive/2018/texmf-dist/tex/latex/psnfss/ot1ptm.fd
File: ot1ptm.fd 2001/06/04 font definitions for OT1/ptm.
)
-- Using 8.5in x 11in (letter) paper.
-- Using PDF output.
\@IEEEnormalsizeunitybaselineskip=\dimen105
-- This is a 10 point document.
\CLASSINFOnormalsizebaselineskip=\dimen106
\CLASSINFOnormalsizeunitybaselineskip=\dimen107
\IEEEnormaljot=\dimen108
LaTeX Font Info:    Font shape `OT1/ptm/bx/n' in size <5> not available
(Font)              Font shape `OT1/ptm/b/n' tried instead on input line 1090.
LaTeX Font Info:    Font shape `OT1/ptm/bx/it' in size <5> not available
(Font)              Font shape `OT1/ptm/b/it' tried instead on input line 1090.

LaTeX Font Info:    Font shape `OT1/ptm/bx/n' in size <7> not available
(Font)              Font shape `OT1/ptm/b/n' tried instead on input line 1090.
LaTeX Font Info:    Font shape `OT1/ptm/bx/it' in size <7> not available
(Font)              Font shape `OT1/ptm/b/it' tried instead on input line 1090.

LaTeX Font Info:    Font shape `OT1/ptm/bx/n' in size <8> not available
(Font)              Font shape `OT1/ptm/b/n' tried instead on input line 1090.
LaTeX Font Info:    Font shape `OT1/ptm/bx/it' in size <8> not available
(Font)              Font shape `OT1/ptm/b/it' tried instead on input line 1090.

LaTeX Font Info:    Font shape `OT1/ptm/bx/n' in size <9> not available
(Font)              Font shape `OT1/ptm/b/n' tried instead on input line 1090.
LaTeX Font Info:    Font shape `OT1/ptm/bx/it' in size <9> not available
(Font)              Font shape `OT1/ptm/b/it' tried instead on input line 1090.

LaTeX Font Info:    Font shape `OT1/ptm/bx/n' in size <10> not available
(Font)              Font shape `OT1/ptm/b/n' tried instead on input line 1090.
LaTeX Font Info:    Font shape `OT1/ptm/bx/it' in size <10> not available
(Font)              Font shape `OT1/ptm/b/it' tried instead on input line 1090.

LaTeX Font Info:    Font shape `OT1/ptm/bx/n' in size <11> not available
(Font)              Font shape `OT1/ptm/b/n' tried instead on input line 1090.
LaTeX Font Info:    Font shape `OT1/ptm/bx/it' in size <11> not available
(Font)              Font shape `OT1/ptm/b/it' tried instead on input line 1090.

LaTeX Font Info:    Font shape `OT1/ptm/bx/n' in size <12> not available
(Font)              Font shape `OT1/ptm/b/n' tried instead on input line 1090.
LaTeX Font Info:    Font shape `OT1/ptm/bx/it' in size <12> not available
(Font)              Font shape `OT1/ptm/b/it' tried instead on input line 1090.

LaTeX Font Info:    Font shape `OT1/ptm/bx/n' in size <17> not available
(Font)              Font shape `OT1/ptm/b/n' tried instead on input line 1090.
LaTeX Font Info:    Font shape `OT1/ptm/bx/it' in size <17> not available
(Font)              Font shape `OT1/ptm/b/it' tried instead on input line 1090.

LaTeX Font Info:    Font shape `OT1/ptm/bx/n' in size <20> not available
(Font)              Font shape `OT1/ptm/b/n' tried instead on input line 1090.
LaTeX Font Info:    Font shape `OT1/ptm/bx/it' in size <20> not available
(Font)              Font shape `OT1/ptm/b/it' tried instead on input line 1090.

LaTeX Font Info:    Font shape `OT1/ptm/bx/n' in size <24> not available
(Font)              Font shape `OT1/ptm/b/n' tried instead on input line 1090.
LaTeX Font Info:    Font shape `OT1/ptm/bx/it' in size <24> not available
(Font)              Font shape `OT1/ptm/b/it' tried instead on input line 1090.

\IEEEquantizedlength=\dimen109
\IEEEquantizedlengthdiff=\dimen110
\IEEEquantizedtextheightdiff=\dimen111
\IEEEilabelindentA=\dimen112
\IEEEilabelindentB=\dimen113
\IEEEilabelindent=\dimen114
\IEEEelabelindent=\dimen115
\IEEEdlabelindent=\dimen116
\IEEElabelindent=\dimen117
\IEEEiednormlabelsep=\dimen118
\IEEEiedmathlabelsep=\dimen119
\IEEEiedtopsep=\skip41
\c@section=\count83
\c@subsection=\count84
\c@subsubsection=\count85
\c@paragraph=\count86
\c@IEEEsubequation=\count87
\abovecaptionskip=\skip42
\belowcaptionskip=\skip43
\c@figure=\count88
\c@table=\count89
\@IEEEeqnnumcols=\count90
\@IEEEeqncolcnt=\count91
\@IEEEsubeqnnumrollback=\count92
\@IEEEquantizeheightA=\dimen120
\@IEEEquantizeheightB=\dimen121
\@IEEEquantizeheightC=\dimen122
\@IEEEquantizeprevdepth=\dimen123
\@IEEEquantizemultiple=\count93
\@IEEEquantizeboxA=\box26
\@IEEEtmpitemindent=\dimen124
\IEEEPARstartletwidth=\dimen125
\c@IEEEbiography=\count94
\@IEEEtranrubishbin=\box27
)
** ATTENTION: Overriding command lockouts (line 2).
(c:/texlive/2018/texmf-dist/tex/latex/cite/cite.sty
LaTeX Info: Redefining \cite on input line 302.
LaTeX Info: Redefining \nocite on input line 332.
Package: cite 2015/02/27  v 5.5
)
(c:/texlive/2018/texmf-dist/tex/latex/amsmath/amsmath.sty
Package: amsmath 2017/09/02 v2.17a AMS math features
\@mathmargin=\skip44

For additional information on amsmath, use the `?' option.
(c:/texlive/2018/texmf-dist/tex/latex/amsmath/amstext.sty
Package: amstext 2000/06/29 v2.01 AMS text

(c:/texlive/2018/texmf-dist/tex/latex/amsmath/amsgen.sty
File: amsgen.sty 1999/11/30 v2.0 generic functions
\@emptytoks=\toks15
\ex@=\dimen126
))
(c:/texlive/2018/texmf-dist/tex/latex/amsmath/amsbsy.sty
Package: amsbsy 1999/11/29 v1.2d Bold Symbols
\pmbraise@=\dimen127
)
(c:/texlive/2018/texmf-dist/tex/latex/amsmath/amsopn.sty
Package: amsopn 2016/03/08 v2.02 operator names
)
\inf@bad=\count95
LaTeX Info: Redefining \frac on input line 213.
\uproot@=\count96
\leftroot@=\count97
LaTeX Info: Redefining \overline on input line 375.
\classnum@=\count98
\DOTSCASE@=\count99
LaTeX Info: Redefining \ldots on input line 472.
LaTeX Info: Redefining \dots on input line 475.
LaTeX Info: Redefining \cdots on input line 596.
\Mathstrutbox@=\box28
\strutbox@=\box29
\big@size=\dimen128
LaTeX Font Info:    Redeclaring font encoding OML on input line 712.
LaTeX Font Info:    Redeclaring font encoding OMS on input line 713.
\macc@depth=\count100
\c@MaxMatrixCols=\count101
\dotsspace@=\muskip10
\c@parentequation=\count102
\dspbrk@lvl=\count103
\tag@help=\toks16
\row@=\count104
\column@=\count105
\maxfields@=\count106
\andhelp@=\toks17
\eqnshift@=\dimen129
\alignsep@=\dimen130
\tagshift@=\dimen131
\tagwidth@=\dimen132
\totwidth@=\dimen133
\lineht@=\dimen134
\@envbody=\toks18
\multlinegap=\skip45
\multlinetaggap=\skip46
\mathdisplay@stack=\toks19
LaTeX Info: Redefining \[ on input line 2817.
LaTeX Info: Redefining \] on input line 2818.
)
(c:/texlive/2018/texmf-dist/tex/latex/amsfonts/amssymb.sty
Package: amssymb 2013/01/14 v3.01 AMS font symbols

(c:/texlive/2018/texmf-dist/tex/latex/amsfonts/amsfonts.sty
Package: amsfonts 2013/01/14 v3.01 Basic AMSFonts support
\symAMSa=\mathgroup4
\symAMSb=\mathgroup5
LaTeX Font Info:    Overwriting math alphabet `\mathfrak' in version `bold'
(Font)                  U/euf/m/n --> U/euf/b/n on input line 106.
))
(c:/texlive/2018/texmf-dist/tex/latex/algorithms/algorithmic.sty
Package: algorithmic 2009/08/24 v0.1 Document Style `algorithmic'

(c:/texlive/2018/texmf-dist/tex/latex/base/ifthen.sty
Package: ifthen 2014/09/29 v1.1c Standard LaTeX ifthen package (DPC)
)
(c:/texlive/2018/texmf-dist/tex/latex/graphics/keyval.sty
Package: keyval 2014/10/28 v1.15 key=value parser (DPC)
\KV@toks@=\toks20
)
\c@ALC@unique=\count107
\c@ALC@line=\count108
\c@ALC@rem=\count109
\c@ALC@depth=\count110
\ALC@tlm=\skip47
\algorithmicindent=\skip48
)
(c:/texlive/2018/texmf-dist/tex/latex/graphics/graphicx.sty
Package: graphicx 2017/06/01 v1.1a Enhanced LaTeX Graphics (DPC,SPQR)

(c:/texlive/2018/texmf-dist/tex/latex/graphics/graphics.sty
Package: graphics 2017/06/25 v1.2c Standard LaTeX Graphics (DPC,SPQR)

(c:/texlive/2018/texmf-dist/tex/latex/graphics/trig.sty
Package: trig 2016/01/03 v1.10 sin cos tan (DPC)
)
(c:/texlive/2018/texmf-dist/tex/latex/graphics-cfg/graphics.cfg
File: graphics.cfg 2016/06/04 v1.11 sample graphics configuration
)
Package graphics Info: Driver file: pdftex.def on input line 99.

(c:/texlive/2018/texmf-dist/tex/latex/graphics-def/pdftex.def
File: pdftex.def 2018/01/08 v1.0l Graphics/color driver for pdftex
))
\Gin@req@height=\dimen135
\Gin@req@width=\dimen136
)
(c:/texlive/2018/texmf-dist/tex/latex/base/textcomp.sty
Package: textcomp 2017/04/05 v2.0i Standard LaTeX package
Package textcomp Info: Sub-encoding information:
(textcomp)               5 = only ISO-Adobe without \textcurrency
(textcomp)               4 = 5 + \texteuro
(textcomp)               3 = 4 + \textohm
(textcomp)               2 = 3 + \textestimated + \textcurrency
(textcomp)               1 = TS1 - \textcircled - \t
(textcomp)               0 = TS1 (full)
(textcomp)             Font families with sub-encoding setting implement
(textcomp)             only a restricted character set as indicated.
(textcomp)             Family '?' is the default used for unknown fonts.
(textcomp)             See the documentation for details.
Package textcomp Info: Setting ? sub-encoding to TS1/1 on input line 79.

(c:/texlive/2018/texmf-dist/tex/latex/base/ts1enc.def
File: ts1enc.def 2001/06/05 v3.0e (jk/car/fm) Standard LaTeX file
Now handling font encoding TS1 ...
... processing UTF-8 mapping file for font encoding TS1

(c:/texlive/2018/texmf-dist/tex/latex/base/ts1enc.dfu
File: ts1enc.dfu 2018/04/05 v1.2c UTF-8 support for inputenc
   defining Unicode char U+00A2 (decimal 162)
   defining Unicode char U+00A3 (decimal 163)
   defining Unicode char U+00A4 (decimal 164)
   defining Unicode char U+00A5 (decimal 165)
   defining Unicode char U+00A6 (decimal 166)
   defining Unicode char U+00A7 (decimal 167)
   defining Unicode char U+00A8 (decimal 168)
   defining Unicode char U+00A9 (decimal 169)
   defining Unicode char U+00AA (decimal 170)
   defining Unicode char U+00AC (decimal 172)
   defining Unicode char U+00AE (decimal 174)
   defining Unicode char U+00AF (decimal 175)
   defining Unicode char U+00B0 (decimal 176)
   defining Unicode char U+00B1 (decimal 177)
   defining Unicode char U+00B2 (decimal 178)
   defining Unicode char U+00B3 (decimal 179)
   defining Unicode char U+00B4 (decimal 180)
   defining Unicode char U+00B5 (decimal 181)
   defining Unicode char U+00B6 (decimal 182)
   defining Unicode char U+00B7 (decimal 183)
   defining Unicode char U+00B9 (decimal 185)
   defining Unicode char U+00BA (decimal 186)
   defining Unicode char U+00BC (decimal 188)
   defining Unicode char U+00BD (decimal 189)
   defining Unicode char U+00BE (decimal 190)
   defining Unicode char U+00D7 (decimal 215)
   defining Unicode char U+00F7 (decimal 247)
   defining Unicode char U+0192 (decimal 402)
   defining Unicode char U+02C7 (decimal 711)
   defining Unicode char U+02D8 (decimal 728)
   defining Unicode char U+02DD (decimal 733)
   defining Unicode char U+0E3F (decimal 3647)
   defining Unicode char U+2016 (decimal 8214)
   defining Unicode char U+2020 (decimal 8224)
   defining Unicode char U+2021 (decimal 8225)
   defining Unicode char U+2022 (decimal 8226)
   defining Unicode char U+2030 (decimal 8240)
   defining Unicode char U+2031 (decimal 8241)
   defining Unicode char U+203B (decimal 8251)
   defining Unicode char U+203D (decimal 8253)
   defining Unicode char U+2044 (decimal 8260)
   defining Unicode char U+204E (decimal 8270)
   defining Unicode char U+2052 (decimal 8274)
   defining Unicode char U+20A1 (decimal 8353)
   defining Unicode char U+20A4 (decimal 8356)
   defining Unicode char U+20A6 (decimal 8358)
   defining Unicode char U+20A9 (decimal 8361)
   defining Unicode char U+20AB (decimal 8363)
   defining Unicode char U+20AC (decimal 8364)
   defining Unicode char U+20B1 (decimal 8369)
   defining Unicode char U+2103 (decimal 8451)
   defining Unicode char U+2116 (decimal 8470)
   defining Unicode char U+2117 (decimal 8471)
   defining Unicode char U+211E (decimal 8478)
   defining Unicode char U+2120 (decimal 8480)
   defining Unicode char U+2122 (decimal 8482)
   defining Unicode char U+2126 (decimal 8486)
   defining Unicode char U+2127 (decimal 8487)
   defining Unicode char U+212E (decimal 8494)
   defining Unicode char U+2190 (decimal 8592)
   defining Unicode char U+2191 (decimal 8593)
   defining Unicode char U+2192 (decimal 8594)
   defining Unicode char U+2193 (decimal 8595)
   defining Unicode char U+2329 (decimal 9001)
   defining Unicode char U+232A (decimal 9002)
   defining Unicode char U+2422 (decimal 9250)
   defining Unicode char U+25E6 (decimal 9702)
   defining Unicode char U+25EF (decimal 9711)
   defining Unicode char U+266A (decimal 9834)
   defining Unicode char U+FEFF (decimal 65279)
))
LaTeX Info: Redefining \oldstylenums on input line 334.
Package textcomp Info: Setting cmr sub-encoding to TS1/0 on input line 349.
Package textcomp Info: Setting cmss sub-encoding to TS1/0 on input line 350.
Package textcomp Info: Setting cmtt sub-encoding to TS1/0 on input line 351.
Package textcomp Info: Setting cmvtt sub-encoding to TS1/0 on input line 352.
Package textcomp Info: Setting cmbr sub-encoding to TS1/0 on input line 353.
Package textcomp Info: Setting cmtl sub-encoding to TS1/0 on input line 354.
Package textcomp Info: Setting ccr sub-encoding to TS1/0 on input line 355.
Package textcomp Info: Setting ptm sub-encoding to TS1/4 on input line 356.
Package textcomp Info: Setting pcr sub-encoding to TS1/4 on input line 357.
Package textcomp Info: Setting phv sub-encoding to TS1/4 on input line 358.
Package textcomp Info: Setting ppl sub-encoding to TS1/3 on input line 359.
Package textcomp Info: Setting pag sub-encoding to TS1/4 on input line 360.
Package textcomp Info: Setting pbk sub-encoding to TS1/4 on input line 361.
Package textcomp Info: Setting pnc sub-encoding to TS1/4 on input line 362.
Package textcomp Info: Setting pzc sub-encoding to TS1/4 on input line 363.
Package textcomp Info: Setting bch sub-encoding to TS1/4 on input line 364.
Package textcomp Info: Setting put sub-encoding to TS1/5 on input line 365.
Package textcomp Info: Setting uag sub-encoding to TS1/5 on input line 366.
Package textcomp Info: Setting ugq sub-encoding to TS1/5 on input line 367.
Package textcomp Info: Setting ul8 sub-encoding to TS1/4 on input line 368.
Package textcomp Info: Setting ul9 sub-encoding to TS1/4 on input line 369.
Package textcomp Info: Setting augie sub-encoding to TS1/5 on input line 370.
Package textcomp Info: Setting dayrom sub-encoding to TS1/3 on input line 371.
Package textcomp Info: Setting dayroms sub-encoding to TS1/3 on input line 372.

Package textcomp Info: Setting pxr sub-encoding to TS1/0 on input line 373.
Package textcomp Info: Setting pxss sub-encoding to TS1/0 on input line 374.
Package textcomp Info: Setting pxtt sub-encoding to TS1/0 on input line 375.
Package textcomp Info: Setting txr sub-encoding to TS1/0 on input line 376.
Package textcomp Info: Setting txss sub-encoding to TS1/0 on input line 377.
Package textcomp Info: Setting txtt sub-encoding to TS1/0 on input line 378.
Package textcomp Info: Setting lmr sub-encoding to TS1/0 on input line 379.
Package textcomp Info: Setting lmdh sub-encoding to TS1/0 on input line 380.
Package textcomp Info: Setting lmss sub-encoding to TS1/0 on input line 381.
Package textcomp Info: Setting lmssq sub-encoding to TS1/0 on input line 382.
Package textcomp Info: Setting lmvtt sub-encoding to TS1/0 on input line 383.
Package textcomp Info: Setting lmtt sub-encoding to TS1/0 on input line 384.
Package textcomp Info: Setting qhv sub-encoding to TS1/0 on input line 385.
Package textcomp Info: Setting qag sub-encoding to TS1/0 on input line 386.
Package textcomp Info: Setting qbk sub-encoding to TS1/0 on input line 387.
Package textcomp Info: Setting qcr sub-encoding to TS1/0 on input line 388.
Package textcomp Info: Setting qcs sub-encoding to TS1/0 on input line 389.
Package textcomp Info: Setting qpl sub-encoding to TS1/0 on input line 390.
Package textcomp Info: Setting qtm sub-encoding to TS1/0 on input line 391.
Package textcomp Info: Setting qzc sub-encoding to TS1/0 on input line 392.
Package textcomp Info: Setting qhvc sub-encoding to TS1/0 on input line 393.
Package textcomp Info: Setting futs sub-encoding to TS1/4 on input line 394.
Package textcomp Info: Setting futx sub-encoding to TS1/4 on input line 395.
Package textcomp Info: Setting futj sub-encoding to TS1/4 on input line 396.
Package textcomp Info: Setting hlh sub-encoding to TS1/3 on input line 397.
Package textcomp Info: Setting hls sub-encoding to TS1/3 on input line 398.
Package textcomp Info: Setting hlst sub-encoding to TS1/3 on input line 399.
Package textcomp Info: Setting hlct sub-encoding to TS1/5 on input line 400.
Package textcomp Info: Setting hlx sub-encoding to TS1/5 on input line 401.
Package textcomp Info: Setting hlce sub-encoding to TS1/5 on input line 402.
Package textcomp Info: Setting hlcn sub-encoding to TS1/5 on input line 403.
Package textcomp Info: Setting hlcw sub-encoding to TS1/5 on input line 404.
Package textcomp Info: Setting hlcf sub-encoding to TS1/5 on input line 405.
Package textcomp Info: Setting pplx sub-encoding to TS1/3 on input line 406.
Package textcomp Info: Setting pplj sub-encoding to TS1/3 on input line 407.
Package textcomp Info: Setting ptmx sub-encoding to TS1/4 on input line 408.
Package textcomp Info: Setting ptmj sub-encoding to TS1/4 on input line 409.
)
(c:/texlive/2018/texmf-dist/tex/latex/diagbox/diagbox.sty
Package: diagbox 2016/12/28 v2.2 Making table heads with diagonal lines

(c:/texlive/2018/texmf-dist/tex/latex/pict2e/pict2e.sty
Package: pict2e 2016/02/05 v0.3b Improved picture commands (HjG,RN,JT)

(c:/texlive/2018/texmf-dist/tex/latex/pict2e/pict2e.cfg
File: pict2e.cfg 2016/02/05 v0.1u pict2e configuration for teTeX/TeXLive
)
Package pict2e Info: Driver file: pdftex.def on input line 119.
Package pict2e Info: Driver file for pict2e: p2e-pdftex.def on input line 121.

(c:/texlive/2018/texmf-dist/tex/latex/pict2e/p2e-pdftex.def
File: p2e-pdftex.def 2016/02/05 v0.1u Driver-dependant file (RN,HjG,JT)
)
\pIIe@GRAPH=\toks21
\@arclen=\dimen137
\@arcrad=\dimen138
\@tempdimd=\dimen139
)
(c:/texlive/2018/texmf-dist/tex/latex/fp/fp.sty
Package: fp 1995/04/02

`Fixed Point Package', Version 0.8, April 2, 1995 (C) Michael Mehlich
(c:/texlive/2018/texmf-dist/tex/latex/fp/defpattern.sty
Package: defpattern 1994/10/12
\actioncount=\count111
)
(c:/texlive/2018/texmf-dist/tex/latex/fp/fp-basic.sty
Package: fp-basic 1996/05/13
\FP@xs=\count112
\FP@xia=\count113
\FP@xib=\count114
\FP@xfa=\count115
\FP@xfb=\count116
\FP@rega=\count117
\FP@regb=\count118
\FP@regs=\count119
\FP@times=\count120
)
(c:/texlive/2018/texmf-dist/tex/latex/fp/fp-addons.sty
Package: fp-addons 1995/03/15
)
(c:/texlive/2018/texmf-dist/tex/latex/fp/fp-snap.sty
Package: fp-snap 1995/04/05
)
(c:/texlive/2018/texmf-dist/tex/latex/fp/fp-exp.sty
Package: fp-exp 1995/04/03
)
(c:/texlive/2018/texmf-dist/tex/latex/fp/fp-trigo.sty
Package: fp-trigo 1995/04/14
)
(c:/texlive/2018/texmf-dist/tex/latex/fp/fp-pas.sty
Package: fp-pas 1994/08/29
)
(c:/texlive/2018/texmf-dist/tex/latex/fp/fp-random.sty
Package: fp-random 1995/02/23
\FPseed=\count121
)
(c:/texlive/2018/texmf-dist/tex/latex/fp/fp-eqn.sty
Package: fp-eqn 1995/04/03
)
(c:/texlive/2018/texmf-dist/tex/latex/fp/fp-upn.sty
Package: fp-upn 1996/10/21
)
(c:/texlive/2018/texmf-dist/tex/latex/fp/fp-eval.sty
Package: fp-eval 1995/04/03
))
(c:/texlive/2018/texmf-dist/tex/latex/tools/calc.sty
Package: calc 2017/05/25 v4.3 Infix arithmetic (KKT,FJ)
\calc@Acount=\count122
\calc@Bcount=\count123
\calc@Adimen=\dimen140
\calc@Bdimen=\dimen141
\calc@Askip=\skip49
\calc@Bskip=\skip50
LaTeX Info: Redefining \setlength on input line 80.
LaTeX Info: Redefining \addtolength on input line 81.
\calc@Ccount=\count124
\calc@Cskip=\skip51
)
(c:/texlive/2018/texmf-dist/tex/latex/tools/array.sty
Package: array 2018/04/07 v2.4g Tabular extension package (FMi)
\col@sep=\dimen142
\ar@mcellbox=\box30
\extrarowheight=\dimen143
\NC@list=\toks22
\extratabsurround=\skip52
\backup@length=\skip53
\ar@cellbox=\box31
)
\diagbox@boxa=\box32
\diagbox@boxb=\box33
\diagbox@boxm=\box34
\diagbox@wd=\dimen144
\diagbox@ht=\dimen145
\diagbox@insepl=\dimen146
\diagbox@insepr=\dimen147
\diagbox@outsepl=\dimen148
\diagbox@outsepr=\dimen149
)
(c:/texlive/2018/texmf-dist/tex/latex/subfigure/subfigure.sty
Package: subfigure 2002/03/15 v2.1.5 subfigure package
\subfigtopskip=\skip54
\subfigcapskip=\skip55
\subfigcaptopadj=\dimen150
\subfigbottomskip=\skip56
\subfigcapmargin=\dimen151
\subfiglabelskip=\skip57
\c@subfigure=\count125
\c@lofdepth=\count126
\c@subtable=\count127
\c@lotdepth=\count128

****************************************
* Local config file subfigure.cfg used *
****************************************
(c:/texlive/2018/texmf-dist/tex/latex/subfigure/subfigure.cfg)
\subfig@top=\skip58
\subfig@bottom=\skip59
)
(c:/texlive/2018/texmf-dist/tex/latex/xcolor/xcolor.sty
Package: xcolor 2016/05/11 v2.12 LaTeX color extensions (UK)

(c:/texlive/2018/texmf-dist/tex/latex/graphics-cfg/color.cfg
File: color.cfg 2016/01/02 v1.6 sample color configuration
)
Package xcolor Info: Driver file: pdftex.def on input line 225.
Package xcolor Info: Model `cmy' substituted by `cmy0' on input line 1348.
Package xcolor Info: Model `hsb' substituted by `rgb' on input line 1352.
Package xcolor Info: Model `RGB' extended on input line 1364.
Package xcolor Info: Model `HTML' substituted by `rgb' on input line 1366.
Package xcolor Info: Model `Hsb' substituted by `hsb' on input line 1367.
Package xcolor Info: Model `tHsb' substituted by `hsb' on input line 1368.
Package xcolor Info: Model `HSB' substituted by `hsb' on input line 1369.
Package xcolor Info: Model `Gray' substituted by `gray' on input line 1370.
Package xcolor Info: Model `wave' substituted by `hsb' on input line 1371.
)
(./datasci_prj4.aux)
\openout1 = `datasci_prj4.aux'.

LaTeX Font Info:    Checking defaults for OML/cmm/m/it on input line 14.
LaTeX Font Info:    ... okay on input line 14.
LaTeX Font Info:    Checking defaults for T1/cmr/m/n on input line 14.
LaTeX Font Info:    ... okay on input line 14.
LaTeX Font Info:    Checking defaults for OT1/cmr/m/n on input line 14.
LaTeX Font Info:    ... okay on input line 14.
LaTeX Font Info:    Checking defaults for OMS/cmsy/m/n on input line 14.
LaTeX Font Info:    ... okay on input line 14.
LaTeX Font Info:    Checking defaults for OMX/cmex/m/n on input line 14.
LaTeX Font Info:    ... okay on input line 14.
LaTeX Font Info:    Checking defaults for U/cmr/m/n on input line 14.
LaTeX Font Info:    ... okay on input line 14.
LaTeX Font Info:    Checking defaults for TS1/cmr/m/n on input line 14.
LaTeX Font Info:    Try loading font information for TS1+cmr on input line 14.
 (c:/texlive/2018/texmf-dist/tex/latex/base/ts1cmr.fd
File: ts1cmr.fd 2014/09/29 v2.5h Standard LaTeX font definitions
)
LaTeX Font Info:    ... okay on input line 14.

-- Lines per column: 56 (exact).
(c:/texlive/2018/texmf-dist/tex/context/base/mkii/supp-pdf.mkii
[Loading MPS to PDF converter (version 2006.09.02).]
\scratchcounter=\count129
\scratchdimen=\dimen152
\scratchbox=\box35
\nofMPsegments=\count130
\nofMParguments=\count131
\everyMPshowfont=\toks23
\MPscratchCnt=\count132
\MPscratchDim=\dimen153
\MPnumerator=\count133
\makeMPintoPDFobject=\count134
\everyMPtoPDFconversion=\toks24
) (c:/texlive/2018/texmf-dist/tex/latex/oberdiek/epstopdf-base.sty
Package: epstopdf-base 2016/05/15 v2.6 Base part for package epstopdf

(c:/texlive/2018/texmf-dist/tex/generic/oberdiek/infwarerr.sty
Package: infwarerr 2016/05/16 v1.4 Providing info/warning/error messages (HO)
)
(c:/texlive/2018/texmf-dist/tex/latex/oberdiek/grfext.sty
Package: grfext 2016/05/16 v1.2 Manage graphics extensions (HO)

(c:/texlive/2018/texmf-dist/tex/generic/oberdiek/kvdefinekeys.sty
Package: kvdefinekeys 2016/05/16 v1.4 Define keys (HO)

(c:/texlive/2018/texmf-dist/tex/generic/oberdiek/ltxcmds.sty
Package: ltxcmds 2016/05/16 v1.23 LaTeX kernel commands for general use (HO)
)))
(c:/texlive/2018/texmf-dist/tex/latex/oberdiek/kvoptions.sty
Package: kvoptions 2016/05/16 v3.12 Key value format for package options (HO)

(c:/texlive/2018/texmf-dist/tex/generic/oberdiek/kvsetkeys.sty
Package: kvsetkeys 2016/05/16 v1.17 Key value parser (HO)

(c:/texlive/2018/texmf-dist/tex/generic/oberdiek/etexcmds.sty
Package: etexcmds 2016/05/16 v1.6 Avoid name clashes with e-TeX commands (HO)

(c:/texlive/2018/texmf-dist/tex/generic/oberdiek/ifluatex.sty
Package: ifluatex 2016/05/16 v1.4 Provides the ifluatex switch (HO)
Package ifluatex Info: LuaTeX not detected.
)
Package etexcmds Info: Could not find \expanded.
(etexcmds)             That can mean that you are not using pdfTeX 1.50 or
(etexcmds)             that some package has redefined \expanded.
(etexcmds)             In the latter case, load this package earlier.
)))
(c:/texlive/2018/texmf-dist/tex/generic/oberdiek/pdftexcmds.sty
Package: pdftexcmds 2018/01/30 v0.27 Utility functions of pdfTeX for LuaTeX (HO
)

(c:/texlive/2018/texmf-dist/tex/generic/oberdiek/ifpdf.sty
Package: ifpdf 2017/03/15 v3.2 Provides the ifpdf switch
)
Package pdftexcmds Info: LuaTeX not detected.
Package pdftexcmds Info: \pdf@primitive is available.
Package pdftexcmds Info: \pdf@ifprimitive is available.
Package pdftexcmds Info: \pdfdraftmode found.
)
Package epstopdf-base Info: Redefining graphics rule for `.eps' on input line 4
38.
Package grfext Info: Graphics extension search list:
(grfext)             [.pdf,.png,.jpg,.mps,.jpeg,.jbig2,.jb2,.PDF,.PNG,.JPG,.JPE
G,.JBIG2,.JB2,.eps]
(grfext)             \AppendGraphicsExtensions on input line 456.

(c:/texlive/2018/texmf-dist/tex/latex/latexconfig/epstopdf-sys.cfg
File: epstopdf-sys.cfg 2010/07/13 v1.3 Configuration of (r)epstopdf for TeX Liv
e
))
LaTeX Font Info:    Try loading font information for U+msa on input line 69.

(c:/texlive/2018/texmf-dist/tex/latex/amsfonts/umsa.fd
File: umsa.fd 2013/01/14 v3.01 AMS symbols A
)
LaTeX Font Info:    Try loading font information for U+msb on input line 69.

(c:/texlive/2018/texmf-dist/tex/latex/amsfonts/umsb.fd
File: umsb.fd 2013/01/14 v3.01 AMS symbols B
)
Overfull \hbox (30.65154pt too wide) in paragraph at lines 72--74
\OT1/ptm/m/n/10 where $\OML/cmm/m/it/10 J[] \OT1/cmr/m/n/10 = \OMS/cmsy/m/n/10 
^^@[] [][] [][] []$\OT1/ptm/m/n/10 ,
 []


Underfull \hbox (badness 10000) in paragraph at lines 72--74

 []


Overfull \hbox (55.1502pt too wide) in alignment at lines 76--80
 [][][] []
 []

[1{c:/texlive/2018/texmf-var/fonts/map/pdftex/updmap/pdftex.map}


]
<LADDA_theorem1.jpg, id=23, 744.381pt x 189.70876pt>
File: LADDA_theorem1.jpg Graphic file (type jpg)
<use LADDA_theorem1.jpg>
Package pdftex.def Info: LADDA_theorem1.jpg  used on input line 91.
(pdftex.def)             Requested size: 387.0pt x 98.62885pt.
<LDANN_theorem1.jpg, id=25, 487.22025pt x 205.9695pt>
File: LDANN_theorem1.jpg Graphic file (type jpg)
<use LDANN_theorem1.jpg>
Package pdftex.def Info: LDANN_theorem1.jpg  used on input line 141.
(pdftex.def)             Requested size: 412.80157pt x 174.50917pt.
 [2]
Overfull \hbox (14.04456pt too wide) in paragraph at lines 173--184
[][]
 []


Underfull \hbox (badness 10000) in paragraph at lines 173--184

 []


Overfull \hbox (1.72758pt too wide) in paragraph at lines 192--205
[][]
 []


Underfull \hbox (badness 10000) in paragraph at lines 192--205

 []


Overfull \hbox (1.72758pt too wide) in paragraph at lines 211--224
[][]
 []


Underfull \hbox (badness 10000) in paragraph at lines 211--224

 []


Overfull \hbox (1.72758pt too wide) in paragraph at lines 230--243
[][]
 []


Underfull \hbox (badness 10000) in paragraph at lines 230--243

 []

[3 <./LADDA_theorem1.jpg> <./LDANN_theorem1.jpg>]
Overfull \hbox (38.61633pt too wide) in paragraph at lines 310--323
[][]
 []


Underfull \hbox (badness 10000) in paragraph at lines 310--323

 []

[4]
<HDaNN/DaNN_fig1.png, id=40, 433.62pt x 289.08pt>
File: HDaNN/DaNN_fig1.png Graphic file (type png)
<use HDaNN/DaNN_fig1.png>
Package pdftex.def Info: HDaNN/DaNN_fig1.png  used on input line 414.
(pdftex.def)             Requested size: 173.44492pt x 115.62994pt.
<HDaNN/DaNN_fig2.png, id=41, 433.62pt x 289.08pt>
File: HDaNN/DaNN_fig2.png Graphic file (type png)
<use HDaNN/DaNN_fig2.png>
Package pdftex.def Info: HDaNN/DaNN_fig2.png  used on input line 423.
(pdftex.def)             Requested size: 173.44492pt x 115.62994pt.
<HDaNN/DaNN_fig3.png, id=42, 433.62pt x 289.08pt>
File: HDaNN/DaNN_fig3.png Graphic file (type png)
<use HDaNN/DaNN_fig3.png>
Package pdftex.def Info: HDaNN/DaNN_fig3.png  used on input line 434.
(pdftex.def)             Requested size: 173.44492pt x 115.62994pt.
 [5 <./HDaNN/DaNN_fig1.png> <./HDaNN/DaNN_fig2.png> <./HDaNN/DaNN_fig3.png>]
<HDaNN/DaNN_fig4.png, id=49, 433.62pt x 289.08pt>
File: HDaNN/DaNN_fig4.png Graphic file (type png)
<use HDaNN/DaNN_fig4.png>
Package pdftex.def Info: HDaNN/DaNN_fig4.png  used on input line 444.
(pdftex.def)             Requested size: 173.44492pt x 115.62994pt.
<HDaNN/DaNN_fig5.png, id=50, 433.62pt x 289.08pt>
File: HDaNN/DaNN_fig5.png Graphic file (type png)
<use HDaNN/DaNN_fig5.png>
Package pdftex.def Info: HDaNN/DaNN_fig5.png  used on input line 453.
(pdftex.def)             Requested size: 173.44492pt x 115.62994pt.

LaTeX Warning: `h' float specifier changed to `ht'.


LaTeX Warning: `h' float specifier changed to `ht'.

[6 <./HDaNN/DaNN_fig4.png> <./HDaNN/DaNN_fig5.png>]
<Ladda/A2R_no_preassign_no_dec_no_bn/ADDA_visual.png, id=59, 1084.05pt x 722.7p
t>
File: Ladda/A2R_no_preassign_no_dec_no_bn/ADDA_visual.png Graphic file (type pn
g)
<use Ladda/A2R_no_preassign_no_dec_no_bn/ADDA_visual.png>
Package pdftex.def Info: Ladda/A2R_no_preassign_no_dec_no_bn/ADDA_visual.png  u
sed on input line 522.
(pdftex.def)             Requested size: 115.62334pt x 108.40031pt.
<Ladda/A2R_no_preassign_no_dec_no_bn/clf.png, id=60, 1084.05pt x 722.7pt>
File: Ladda/A2R_no_preassign_no_dec_no_bn/clf.png Graphic file (type png)
<use Ladda/A2R_no_preassign_no_dec_no_bn/clf.png>
Package pdftex.def Info: Ladda/A2R_no_preassign_no_dec_no_bn/clf.png  used on i
nput line 525.
(pdftex.def)             Requested size: 115.62334pt x 108.40031pt.
<Ladda/A2R_no_preassign_no_dec_no_bn/gan.png, id=61, 1806.75pt x 722.7pt>
File: Ladda/A2R_no_preassign_no_dec_no_bn/gan.png Graphic file (type png)
<use Ladda/A2R_no_preassign_no_dec_no_bn/gan.png>
Package pdftex.def Info: Ladda/A2R_no_preassign_no_dec_no_bn/gan.png  used on i
nput line 528.
(pdftex.def)             Requested size: 252.94327pt x 108.40031pt.

Overfull \hbox (20.74484pt too wide) in paragraph at lines 528--529
[][] 
 []

<Ladda/A2R_no_dec_no_bn/ADDA_visual.png, id=62, 1084.05pt x 722.7pt>
File: Ladda/A2R_no_dec_no_bn/ADDA_visual.png Graphic file (type png)
<use Ladda/A2R_no_dec_no_bn/ADDA_visual.png>
Package pdftex.def Info: Ladda/A2R_no_dec_no_bn/ADDA_visual.png  used on input 
line 537.
(pdftex.def)             Requested size: 115.62334pt x 108.40031pt.
<Ladda/A2R_no_dec_no_bn/clf.png, id=63, 1084.05pt x 722.7pt>
File: Ladda/A2R_no_dec_no_bn/clf.png Graphic file (type png)
<use Ladda/A2R_no_dec_no_bn/clf.png>
Package pdftex.def Info: Ladda/A2R_no_dec_no_bn/clf.png  used on input line 540
.
(pdftex.def)             Requested size: 115.62334pt x 108.40031pt.
<Ladda/A2R_no_dec_no_bn/gan.png, id=64, 1806.75pt x 722.7pt>
File: Ladda/A2R_no_dec_no_bn/gan.png Graphic file (type png)
<use Ladda/A2R_no_dec_no_bn/gan.png>
Package pdftex.def Info: Ladda/A2R_no_dec_no_bn/gan.png  used on input line 543
.
(pdftex.def)             Requested size: 252.94327pt x 108.40031pt.

Overfull \hbox (20.74484pt too wide) in paragraph at lines 543--544
[][] 
 []

<Ladda/A2R_no_bn/ADDA_visual.png, id=65, 1084.05pt x 722.7pt>
File: Ladda/A2R_no_bn/ADDA_visual.png Graphic file (type png)
<use Ladda/A2R_no_bn/ADDA_visual.png>
Package pdftex.def Info: Ladda/A2R_no_bn/ADDA_visual.png  used on input line 55
2.
(pdftex.def)             Requested size: 115.62334pt x 108.40031pt.
<Ladda/A2R_no_bn/clf.png, id=66, 1084.05pt x 722.7pt>
File: Ladda/A2R_no_bn/clf.png Graphic file (type png)
<use Ladda/A2R_no_bn/clf.png>
Package pdftex.def Info: Ladda/A2R_no_bn/clf.png  used on input line 555.
(pdftex.def)             Requested size: 115.62334pt x 108.40031pt.
<Ladda/A2R_no_bn/gan.png, id=67, 1806.75pt x 722.7pt>
File: Ladda/A2R_no_bn/gan.png Graphic file (type png)
<use Ladda/A2R_no_bn/gan.png>
Package pdftex.def Info: Ladda/A2R_no_bn/gan.png  used on input line 558.
(pdftex.def)             Requested size: 252.94327pt x 108.40031pt.

Overfull \hbox (20.74484pt too wide) in paragraph at lines 558--559
[][] 
 []

<Ladda/std_A2R/ADDA_visual.png, id=68, 1084.05pt x 722.7pt>
File: Ladda/std_A2R/ADDA_visual.png Graphic file (type png)
<use Ladda/std_A2R/ADDA_visual.png>
Package pdftex.def Info: Ladda/std_A2R/ADDA_visual.png  used on input line 567.

(pdftex.def)             Requested size: 115.62334pt x 108.40031pt.
<Ladda/std_A2R/clf.png, id=69, 1084.05pt x 722.7pt>
File: Ladda/std_A2R/clf.png Graphic file (type png)
<use Ladda/std_A2R/clf.png>
Package pdftex.def Info: Ladda/std_A2R/clf.png  used on input line 570.
(pdftex.def)             Requested size: 115.62334pt x 108.40031pt.
<Ladda/std_A2R/gan.png, id=70, 1806.75pt x 722.7pt>
File: Ladda/std_A2R/gan.png Graphic file (type png)
<use Ladda/std_A2R/gan.png>
Package pdftex.def Info: Ladda/std_A2R/gan.png  used on input line 573.
(pdftex.def)             Requested size: 252.94327pt x 108.40031pt.

Overfull \hbox (20.74484pt too wide) in paragraph at lines 573--574
[][] 
 []

<Ladda/std_C2R/ADDA_visual.png, id=71, 1084.05pt x 722.7pt>
File: Ladda/std_C2R/ADDA_visual.png Graphic file (type png)
<use Ladda/std_C2R/ADDA_visual.png>
Package pdftex.def Info: Ladda/std_C2R/ADDA_visual.png  used on input line 582.

(pdftex.def)             Requested size: 115.62334pt x 108.40031pt.
<Ladda/std_C2R/clf.png, id=72, 1084.05pt x 722.7pt>
File: Ladda/std_C2R/clf.png Graphic file (type png)
<use Ladda/std_C2R/clf.png>
Package pdftex.def Info: Ladda/std_C2R/clf.png  used on input line 585.
(pdftex.def)             Requested size: 115.62334pt x 108.40031pt.
<Ladda/std_C2R/gan.png, id=73, 1806.75pt x 722.7pt>
File: Ladda/std_C2R/gan.png Graphic file (type png)
<use Ladda/std_C2R/gan.png>
Package pdftex.def Info: Ladda/std_C2R/gan.png  used on input line 588.
(pdftex.def)             Requested size: 252.94327pt x 108.40031pt.

Overfull \hbox (20.74484pt too wide) in paragraph at lines 588--589
[][] 
 []

<Ladda/std_P2R/ADDA_visual.png, id=74, 1084.05pt x 722.7pt>
File: Ladda/std_P2R/ADDA_visual.png Graphic file (type png)
<use Ladda/std_P2R/ADDA_visual.png>
Package pdftex.def Info: Ladda/std_P2R/ADDA_visual.png  used on input line 597.

(pdftex.def)             Requested size: 115.62334pt x 108.40031pt.
<Ladda/std_P2R/clf.png, id=75, 1084.05pt x 722.7pt>
File: Ladda/std_P2R/clf.png Graphic file (type png)
<use Ladda/std_P2R/clf.png>
Package pdftex.def Info: Ladda/std_P2R/clf.png  used on input line 600.
(pdftex.def)             Requested size: 115.62334pt x 108.40031pt.
<Ladda/std_P2R/gan.png, id=76, 1806.75pt x 722.7pt>
File: Ladda/std_P2R/gan.png Graphic file (type png)
<use Ladda/std_P2R/gan.png>
Package pdftex.def Info: Ladda/std_P2R/gan.png  used on input line 603.
(pdftex.def)             Requested size: 252.94327pt x 108.40031pt.

Overfull \hbox (20.74484pt too wide) in paragraph at lines 603--604
[][] 
 []


LaTeX Warning: `h' float specifier changed to `ht'.

[7]
Underfull \hbox (badness 1701) in paragraph at lines 655--656
[]\OT1/ptm/m/n/10 Unlike ADDA, the power of $\OML/cmm/m/it/10 D$ \OT1/ptm/m/n/1
0 doesn't im-prove so
 []

[8 <./Ladda/A2R_no_preassign_no_dec_no_bn/ADDA_visual.png> <./Ladda/A2R_no_prea
ssign_no_dec_no_bn/clf.png> <./Ladda/A2R_no_preassign_no_dec_no_bn/gan.png> <./
Ladda/A2R_no_dec_no_bn/ADDA_visual.png> <./Ladda/A2R_no_dec_no_bn/clf.png> <./L
adda/A2R_no_dec_no_bn/gan.png> <./Ladda/A2R_no_bn/ADDA_visual.png> <./Ladda/A2R
_no_bn/clf.png> <./Ladda/A2R_no_bn/gan.png>]
<Ldann/std_A2R/before.png, id=95, 1084.05pt x 722.7pt>
File: Ldann/std_A2R/before.png Graphic file (type png)
<use Ldann/std_A2R/before.png>
Package pdftex.def Info: Ldann/std_A2R/before.png  used on input line 660.
(pdftex.def)             Requested size: 108.3948pt x 108.40031pt.

Overfull \hbox (5.19638pt too wide) in paragraph at lines 660--661
[][] 
 []

<Ldann/std_A2R/after.png, id=96, 1084.05pt x 722.7pt>
File: Ldann/std_A2R/after.png Graphic file (type png)
<use Ldann/std_A2R/after.png>
Package pdftex.def Info: Ldann/std_A2R/after.png  used on input line 663.
(pdftex.def)             Requested size: 108.3948pt x 108.40031pt.

Overfull \hbox (5.19638pt too wide) in paragraph at lines 663--664
[][] 
 []

<Ldann/std_A2R/dann.png, id=97, 1806.75pt x 722.7pt>
File: Ldann/std_A2R/dann.png Graphic file (type png)
<use Ldann/std_A2R/dann.png>
Package pdftex.def Info: Ldann/std_A2R/dann.png  used on input line 666.
(pdftex.def)             Requested size: 252.94327pt x 108.40031pt.

Overfull \hbox (20.74484pt too wide) in paragraph at lines 666--667
[][] 
 []

<Ldann/std_C2R/before.png, id=98, 1084.05pt x 722.7pt>
File: Ldann/std_C2R/before.png Graphic file (type png)
<use Ldann/std_C2R/before.png>
Package pdftex.def Info: Ldann/std_C2R/before.png  used on input line 674.
(pdftex.def)             Requested size: 108.3948pt x 108.40031pt.

Overfull \hbox (5.19638pt too wide) in paragraph at lines 674--675
[][] 
 []

<Ldann/std_C2R/after.png, id=99, 1084.05pt x 722.7pt>
File: Ldann/std_C2R/after.png Graphic file (type png)
<use Ldann/std_C2R/after.png>
Package pdftex.def Info: Ldann/std_C2R/after.png  used on input line 677.
(pdftex.def)             Requested size: 108.3948pt x 108.40031pt.

Overfull \hbox (5.19638pt too wide) in paragraph at lines 677--678
[][] 
 []

<Ldann/std_C2R/dann.png, id=100, 1806.75pt x 722.7pt>
File: Ldann/std_C2R/dann.png Graphic file (type png)
<use Ldann/std_C2R/dann.png>
Package pdftex.def Info: Ldann/std_C2R/dann.png  used on input line 680.
(pdftex.def)             Requested size: 252.94327pt x 108.40031pt.

Overfull \hbox (20.74484pt too wide) in paragraph at lines 680--681
[][] 
 []

<Ldann/std_P2R/before.png, id=101, 1084.05pt x 722.7pt>
File: Ldann/std_P2R/before.png Graphic file (type png)
<use Ldann/std_P2R/before.png>
Package pdftex.def Info: Ldann/std_P2R/before.png  used on input line 688.
(pdftex.def)             Requested size: 108.3948pt x 108.40031pt.

Overfull \hbox (5.19638pt too wide) in paragraph at lines 688--689
[][] 
 []

<Ldann/std_P2R/after.png, id=102, 1084.05pt x 722.7pt>
File: Ldann/std_P2R/after.png Graphic file (type png)
<use Ldann/std_P2R/after.png>
Package pdftex.def Info: Ldann/std_P2R/after.png  used on input line 691.
(pdftex.def)             Requested size: 108.3948pt x 108.40031pt.

Overfull \hbox (5.19638pt too wide) in paragraph at lines 691--692
[][] 
 []

<Ldann/std_P2R/dann.png, id=103, 1806.75pt x 722.7pt>
File: Ldann/std_P2R/dann.png Graphic file (type png)
<use Ldann/std_P2R/dann.png>
Package pdftex.def Info: Ldann/std_P2R/dann.png  used on input line 694.
(pdftex.def)             Requested size: 252.94327pt x 108.40031pt.

Overfull \hbox (20.74484pt too wide) in paragraph at lines 694--695
[][] 
 []

LaTeX Font Info:    Try loading font information for U+euf on input line 703.
(c:/texlive/2018/texmf-dist/tex/latex/amsfonts/ueuf.fd
File: ueuf.fd 2013/01/14 v3.01 Euler Fraktur
)
Overfull \hbox (96.13005pt too wide) detected at line 714
[]\OT1/cmr/m/n/10 [\OMS/cmsy/m/n/10 F\OML/cmm/m/it/10 ; X; Y\OT1/cmr/m/n/10 ] =
 [][]
 []

[9 <./Ladda/std_A2R/ADDA_visual.png> <./Ladda/std_A2R/clf.png> <./Ladda/std_A2R
/gan.png> <./Ladda/std_C2R/ADDA_visual.png> <./Ladda/std_C2R/clf.png> <./Ladda/
std_C2R/gan.png> <./Ladda/std_P2R/ADDA_visual.png> <./Ladda/std_P2R/clf.png> <.
/Ladda/std_P2R/gan.png>]
<LBN_theorem1.jpg, id=117, 528.17325pt x 193.9245pt>
File: LBN_theorem1.jpg Graphic file (type jpg)
<use LBN_theorem1.jpg>
Package pdftex.def Info: LBN_theorem1.jpg  used on input line 729.
(pdftex.def)             Requested size: 206.39685pt x 75.7782pt.

Underfull \hbox (badness 1515) in paragraph at lines 726--734
\OT1/ptm/m/n/10 ap-plied to the out-put of a layer. As-sum-ing that ev-ery
 []

[10 <./Ldann/std_A2R/before.png> <./Ldann/std_A2R/after.png> <./Ldann/std_A2R/d
ann.png> <./Ldann/std_C2R/before.png> <./Ldann/std_C2R/after.png> <./Ldann/std_
C2R/dann.png> <./Ldann/std_P2R/before.png> <./Ldann/std_P2R/after.png> <./Ldann
/std_P2R/dann.png>]

** Conference Paper **
Before submitting the final camera ready copy, remember to:

 1. Manually equalize the lengths of two columns on the last page
 of your paper;

 2. Ensure that any PostScript and/or PDF output post-processing
 uses only Type 1 fonts and that every step in the generation
 process uses the appropriate paper size.

[11

 <./LBN_theorem1.jpg>] (./datasci_prj4.aux)

LaTeX Warning: Label(s) may have changed. Rerun to get cross-references right.

 ) 
Here is how much of TeX's memory you used:
 5783 strings out of 492649
 82431 string characters out of 6133384
 181057 words of memory out of 5000000
 9502 multiletter control sequences out of 15000+600000
 44449 words of font info for 95 fonts, out of 8000000 for 9000
 1141 hyphenation exceptions out of 8191
 41i,17n,39p,1209b,460s stack positions out of 5000i,500n,10000p,200000b,80000s
{c:/texlive/2018/texmf-dist/fonts/enc/dvips/base/8r.enc}<c:/texlive/2018/texm
f-dist/fonts/type1/public/amsfonts/cm/cmbx10.pfb><c:/texlive/2018/texmf-dist/fo
nts/type1/public/amsfonts/cm/cmbx5.pfb><c:/texlive/2018/texmf-dist/fonts/type1/
public/amsfonts/cm/cmex10.pfb><c:/texlive/2018/texmf-dist/fonts/type1/public/am
sfonts/cmextra/cmex7.pfb><c:/texlive/2018/texmf-dist/fonts/type1/public/amsfont
s/cm/cmmi10.pfb><c:/texlive/2018/texmf-dist/fonts/type1/public/amsfonts/cm/cmmi
5.pfb><c:/texlive/2018/texmf-dist/fonts/type1/public/amsfonts/cm/cmmi6.pfb><c:/
texlive/2018/texmf-dist/fonts/type1/public/amsfonts/cm/cmmi7.pfb><c:/texlive/20
18/texmf-dist/fonts/type1/public/amsfonts/cm/cmmi8.pfb><c:/texlive/2018/texmf-d
ist/fonts/type1/public/amsfonts/cm/cmr10.pfb><c:/texlive/2018/texmf-dist/fonts/
type1/public/amsfonts/cm/cmr5.pfb><c:/texlive/2018/texmf-dist/fonts/type1/publi
c/amsfonts/cm/cmr6.pfb><c:/texlive/2018/texmf-dist/fonts/type1/public/amsfonts/
cm/cmr7.pfb><c:/texlive/2018/texmf-dist/fonts/type1/public/amsfonts/cm/cmr8.pfb
><c:/texlive/2018/texmf-dist/fonts/type1/public/amsfonts/cm/cmsy10.pfb><c:/texl
ive/2018/texmf-dist/fonts/type1/public/amsfonts/cm/cmsy5.pfb><c:/texlive/2018/t
exmf-dist/fonts/type1/public/amsfonts/cm/cmsy6.pfb><c:/texlive/2018/texmf-dist/
fonts/type1/public/amsfonts/cm/cmsy7.pfb><c:/texlive/2018/texmf-dist/fonts/type
1/public/amsfonts/cm/cmsy8.pfb><c:/texlive/2018/texmf-dist/fonts/type1/public/a
msfonts/euler/eufm10.pfb><c:/texlive/2018/texmf-dist/fonts/type1/public/amsfont
s/symbols/msam10.pfb><c:/texlive/2018/texmf-dist/fonts/type1/public/amsfonts/sy
mbols/msbm10.pfb><c:/texlive/2018/texmf-dist/fonts/type1/urw/times/utmb8a.pfb><
c:/texlive/2018/texmf-dist/fonts/type1/urw/times/utmbi8a.pfb><c:/texlive/2018/t
exmf-dist/fonts/type1/urw/times/utmr8a.pfb><c:/texlive/2018/texmf-dist/fonts/ty
pe1/urw/times/utmri8a.pfb>
Output written on datasci_prj4.pdf (11 pages, 2793202 bytes).
PDF statistics:
 217 PDF objects out of 1000 (max. 8388607)
 106 compressed objects within 2 object streams
 0 named destinations out of 1000 (max. 500000)
 176 words of extra memory for PDF output out of 10000 (max. 10000000)

